/*C2*/SET SCHEMA PUBLIC
DISCONNECT
/*C3*/SET SCHEMA PUBLIC
DISCONNECT
/*C4*/SET SCHEMA PUBLIC
DELETE FROM SEQUENCE WHERE SEQ_NAME='SEQ_GEN'
INSERT INTO SEQUENCE VALUES('SEQ_GEN',10200)
COMMIT
INSERT INTO LOGACCESS VALUES(10151,0,NULL,'2017-10-08 13:09:02.053000',NULL,'master',NULL,NULL,'master/deamon__master__2017_10_08__13_09_02__10151',0,'DemarrageAppInstanceService',NULL,0,'DEAMON')
COMMIT
DELETE FROM LOGACCESS WHERE ID=10151
INSERT INTO LOGACCESS VALUES(10151,0,NULL,'2017-10-08 13:09:02.053000','2017-10-08 13:09:02.909000','master',NULL,NULL,'master/deamon__master__2017_10_08__13_09_02__10151',0,'DemarrageAppInstanceService',NULL,0,'DEAMON')
COMMIT
INSERT INTO LOGACCESS VALUES(10152,0,NULL,'2017-10-08 13:10:02.944000',NULL,'master',NULL,NULL,'master/deamon__master__2017_10_08__13_10_02__10152',0,'NotificationService',NULL,0,'DEAMON')
COMMIT
DELETE FROM LOGACCESS WHERE ID=10152
INSERT INTO LOGACCESS VALUES(10152,0,NULL,'2017-10-08 13:10:02.944000','2017-10-08 13:10:02.980000','master',NULL,NULL,'master/deamon__master__2017_10_08__13_10_02__10152',0,'NotificationService',NULL,0,'DEAMON')
COMMIT
INSERT INTO LOGACCESS VALUES(10153,0,NULL,'2017-10-08 13:10:02.985000',NULL,'amap1',NULL,NULL,'amap1/deamon__amap1__2017_10_08__13_10_02__10153',0,'NotificationService',NULL,0,'DEAMON')
COMMIT
DELETE FROM LOGACCESS WHERE ID=10153
INSERT INTO LOGACCESS VALUES(10153,0,NULL,'2017-10-08 13:10:02.985000','2017-10-08 13:10:03.015000','amap1',NULL,NULL,'amap1/deamon__amap1__2017_10_08__13_10_02__10153',0,'NotificationService',NULL,0,'DEAMON')
COMMIT
